<?xml version="1.0" encoding="UTF-8"?>
<testng-results total="1" passed="1" failed="0" skipped="0">
  <reporter-output>
    <line>
      <![CDATA[3]]>
    </line>
  </reporter-output>
  <suite started-at="2022-09-23T06:25:55Z" name="Default suite" finished-at="2022-09-23T06:25:55Z" duration-ms="42">
    <groups>
    </groups>
    <test started-at="2022-09-23T06:25:55Z" name="Default test" finished-at="2022-09-23T06:25:55Z" duration-ms="42">
      <class name="org.sms.practice.Practice3Test">
        <test-method signature="step3Test()[pri:0, instance:org.sms.practice.Practice3Test@ae3540e]" started-at="2022-09-23T11:55:55Z" name="step3Test" finished-at="2022-09-23T11:55:55Z" duration-ms="14" status="PASS">
          <reporter-output>
            <line>
              <![CDATA[3]]>
            </line>
          </reporter-output>
        </test-method> <!-- step3Test -->
      </class> <!-- org.sms.practice.Practice3Test -->
    </test> <!-- Default test -->
  </suite> <!-- Default suite -->
</testng-results>
